已經開始建置於 2016/1/10 下午 10:22:20。
     1>節點 2 (Build 目標) 上的專案 "D:\VS2013Projects\ProjectTest\MatlabData\MatlabData.vcxproj"。
     1>ClCompile:
         C:\Program Files (x86)\Microsoft Visual Studio 12.0\VC\bin\x86_amd64\CL.exe /c /Zi /nologo /W3 /WX- /O2 /Oi /GL /D WIN32 /D NDEBUG /D _CONSOLE /D _LIB /D _UNICODE /D UNICODE /Gm- /EHsc /MD /GS /Gy /fp:precise /Zc:wchar_t /Zc:forScope /Fo"x64\Release\\" /Fd"x64\Release\vc120.pdb" /Gd /TP /errorReport:prompt MatFileProcess.cpp main.cpp
         MatFileProcess.cpp
     1>MatFileProcess.cpp(35): warning C4267: '=' : 將 'size_t' 轉換為 'int'，資料可能遺失
         main.cpp
       Link:
         C:\Program Files (x86)\Microsoft Visual Studio 12.0\VC\bin\x86_amd64\link.exe /ERRORREPORT:PROMPT /OUT:"D:\VS2013Projects\ProjectTest\x64\Release\MatlabData.exe" /INCREMENTAL:NO /NOLOGO libeng.lib libmat.lib libmx.lib libmex.lib kernel32.lib user32.lib gdi32.lib winspool.lib comdlg32.lib advapi32.lib shell32.lib ole32.lib oleaut32.lib uuid.lib odbc32.lib odbccp32.lib /MANIFEST /MANIFESTUAC:"level='asInvoker' uiAccess='false'" /manifest:embed /DEBUG /PDB:"D:\VS2013Projects\ProjectTest\x64\Release\MatlabData.pdb" /SUBSYSTEM:CONSOLE /OPT:REF /OPT:ICF /LTCG /TLBID:1 /DYNAMICBASE /NXCOMPAT /IMPLIB:"D:\VS2013Projects\ProjectTest\x64\Release\MatlabData.lib" /MACHINE:X64 x64\Release\main.obj
         x64\Release\MatFileProcess.obj
     1>main.obj : error LNK2001: 無法解析的外部符號 "public: int __cdecl MatFileProcess::Print3DmxArray(char *,char const *)" (?Print3DmxArray@MatFileProcess@@QEAAHPEADPEBD@Z)
     1>D:\VS2013Projects\ProjectTest\x64\Release\MatlabData.exe : fatal error LNK1120: 1 個無法解析的外部符號
     1>專案 "D:\VS2013Projects\ProjectTest\MatlabData\MatlabData.vcxproj" (Build 目標) 建置完成 -- 失敗。

建置失敗。

經過時間 00:00:00.96
