已經開始建置於 2016/1/11 上午 10:03:05。
     1>節點 2 (Build 目標) 上的專案 "D:\VS2013Projects\ProjectTest\ProjectTest\ProjectTest.vcxproj"。
     1>ClCompile:
         C:\Program Files (x86)\Microsoft Visual Studio 12.0\VC\bin\CL.exe /c /AI"C:\Program Files (x86)\Reference Assemblies\Microsoft\Framework\.NETFramework\v4.5\\" /AI"C:\Program Files (x86)\Windows Kits\8.1\References\CommonConfiguration\Neutral" /AI"C:\Program Files (x86)\Reference Assemblies\Microsoft\Framework\.NETFramework\v4.5\Facades\\" /Zi /clr /nologo /W3 /WX- /Od /Oy- /D WIN32 /D _DEBUG /D _UNICODE /D UNICODE /EHa /MDd /GS /fp:precise /Zc:wchar_t /Zc:forScope /Fo"Debug\\" /Fd"Debug\vc120.pdb" /TP /FU"C:\Program Files (x86)\Reference Assemblies\Microsoft\Framework\.NETFramework\v4.5\mscorlib.dll" /FU"C:\Program Files (x86)\Reference Assemblies\Microsoft\Framework\.NETFramework\v4.5\System.Data.dll" /FU"C:\Program Files (x86)\Reference Assemblies\Microsoft\Framework\.NETFramework\v4.5\System.dll" /FU"C:\Program Files (x86)\Reference Assemblies\Microsoft\Framework\.NETFramework\v4.5\System.Drawing.dll" /FU"C:\Program Files (x86)\Reference Assemblies\Microsoft\Framework\.NETFramework\v4.5\System.Windows.Forms.dll" /FU"C:\Program Files (x86)\Reference Assemblies\Microsoft\Framework\.NETFramework\v4.5\System.Xml.dll" /analyze- /errorReport:prompt /clr:nostdlib MyForm.cpp
         MyForm.cpp
     1>d:\programd\opencv\opencv2410\build\include\opencv2\flann\dist.h : warning C4819: 檔案含有無法在目前字碼頁 (950) 中表示的字元。請以 Unicode 格式儲存檔案以防止資料遺失
     1>D:\ProgramD\OpenCV\OpenCV2410\build\include\opencv2/legacy/compat.hpp : warning C4819: 檔案含有無法在目前字碼頁 (950) 中表示的字元。請以 Unicode 格式儲存檔案以防止資料遺失
     1>d:\vs2013projects\projecttest\projecttest\MyForm.h(768): warning C4244: '引數' : 將 'double' 轉換為 'int'，由於類型不同，可能導致資料遺失
     1>d:\vs2013projects\projecttest\projecttest\MyForm.h(866): warning C4018: '<' : signed/unsigned 不相符
     1>d:\vs2013projects\projecttest\projecttest\MyForm.h(867): warning C4018: '<' : signed/unsigned 不相符
     1>d:\vs2013projects\projecttest\projecttest\MyForm.h(868): warning C4018: '<' : signed/unsigned 不相符
     1>d:\vs2013projects\projecttest\projecttest\MyForm.h(845): warning C4101: 'nDim' : 未參考的區域變數
     1>d:\vs2013projects\projecttest\projecttest\MyForm.h(840): warning C4101: 'realPtr' : 未參考的區域變數
       Link:
         C:\Program Files (x86)\Microsoft Visual Studio 12.0\VC\bin\link.exe /ERRORREPORT:PROMPT /OUT:"D:\VS2013Projects\ProjectTest\Debug\ProjectTest.exe" /INCREMENTAL /NOLOGO opencv_calib3d2410d.lib opencv_contrib2410d.lib opencv_core2410d.lib opencv_features2d2410d.lib opencv_flann2410d.lib opencv_gpu2410d.lib opencv_highgui2410d.lib opencv_imgproc2410d.lib opencv_legacy2410d.lib opencv_ml2410d.lib opencv_nonfree2410d.lib opencv_objdetect2410d.lib opencv_ocl2410d.lib opencv_photo2410d.lib opencv_stitching2410d.lib opencv_superres2410d.lib opencv_video2410d.lib opencv_videostab2410d.lib /ASSEMBLYRESOURCE:Debug\ProjectTest.MyForm.resources /MANIFEST /MANIFESTUAC:"level='asInvoker' uiAccess='false'" /manifest:embed /DEBUG /PDB:"D:\VS2013Projects\ProjectTest\Debug\ProjectTest.pdb" /ASSEMBLYDEBUG /SUBSYSTEM:WINDOWS /TLBID:1 /ENTRY:"Main" /DYNAMICBASE /FIXED:NO /NXCOMPAT /MACHINE:X86 Debug\MyForm.obj
         "Debug\.NETFramework,Version=v4.5.AssemblyAttributes.obj"
     1>MyForm.obj : warning LNK4248: 無法解析的 typeref 語彙基元 (0100001C) (對 'mxArray_tag' 而言)，映像可能無法執行
     1>MyForm.obj : warning LNK4248: 無法解析的 typeref 語彙基元 (01000032) (對 'CvCapture' 而言)，映像可能無法執行
     1>MyForm.obj : warning LNK4248: 無法解析的 typeref 語彙基元 (01000034) (對 'MATFile' 而言)，映像可能無法執行
     1>MyForm.obj : error LNK2028: 無法解析的語彙基元 (0A0009B3) "extern "C" unsigned int const * __cdecl mxGetDimensions_730(struct mxArray_tag const *)" (?mxGetDimensions_730@@$$J0YAPBIPBUmxArray_tag@@@Z) 在函式 "private: static void __clrcall ProjectTest::MyForm::analyzestructarray(struct mxArray_tag const *,char const *)" (?analyzestructarray@MyForm@ProjectTest@@$$FCMXPBUmxArray_tag@@PBD@Z) 中被參考
     1>MyForm.obj : error LNK2028: 無法解析的語彙基元 (0A0009F5) "extern "C" unsigned int __cdecl mxGetNumberOfElements(struct mxArray_tag const *)" (?mxGetNumberOfElements@@$$J0YAIPBUmxArray_tag@@@Z) 在函式 "private: static void __clrcall ProjectTest::MyForm::analyzestructarray(struct mxArray_tag const *,char const *)" (?analyzestructarray@MyForm@ProjectTest@@$$FCMXPBUmxArray_tag@@PBD@Z) 中被參考
     1>MyForm.obj : error LNK2028: 無法解析的語彙基元 (0A0009FC) "extern "C" struct mxArray_tag * __cdecl mxGetField_730(struct mxArray_tag const *,unsigned int,char const *)" (?mxGetField_730@@$$J0YAPAUmxArray_tag@@PBU1@IPBD@Z) 在函式 "private: static void __clrcall ProjectTest::MyForm::analyzestructarray(struct mxArray_tag const *,char const *)" (?analyzestructarray@MyForm@ProjectTest@@$$FCMXPBUmxArray_tag@@PBD@Z) 中被參考
     1>MyForm.obj : error LNK2028: 無法解析的語彙基元 (0A000A0B) "extern "C" void * __cdecl mxGetData(struct mxArray_tag const *)" (?mxGetData@@$$J0YAPAXPBUmxArray_tag@@@Z) 在函式 "private: static void __clrcall ProjectTest::MyForm::analyzestructarray(struct mxArray_tag const *,char const *)" (?analyzestructarray@MyForm@ProjectTest@@$$FCMXPBUmxArray_tag@@PBD@Z) 中被參考
     1>MyForm.obj : error LNK2028: 無法解析的語彙基元 (0A000A40) "extern "C" enum mxClassID __cdecl mxGetClassID(struct mxArray_tag const *)" (?mxGetClassID@@$$J0YA?AW4mxClassID@@PBUmxArray_tag@@@Z) 在函式 "private: static void __clrcall ProjectTest::MyForm::analyzestructarray(struct mxArray_tag const *,char const *)" (?analyzestructarray@MyForm@ProjectTest@@$$FCMXPBUmxArray_tag@@PBD@Z) 中被參考
     1>MyForm.obj : error LNK2028: 無法解析的語彙基元 (0A000ADD) "extern "C" bool __cdecl mxIsComplex(struct mxArray_tag const *)" (?mxIsComplex@@$$J0YA_NPBUmxArray_tag@@@Z) 在函式 "private: static void __clrcall ProjectTest::MyForm::analyzestructarray(struct mxArray_tag const *,char const *)" (?analyzestructarray@MyForm@ProjectTest@@$$FCMXPBUmxArray_tag@@PBD@Z) 中被參考
     1>MyForm.obj : error LNK2019: 無法解析的外部符號 "extern "C" unsigned int __cdecl mxGetNumberOfElements(struct mxArray_tag const *)" (?mxGetNumberOfElements@@$$J0YAIPBUmxArray_tag@@@Z) 在函式 "private: static void __clrcall ProjectTest::MyForm::analyzestructarray(struct mxArray_tag const *,char const *)" (?analyzestructarray@MyForm@ProjectTest@@$$FCMXPBUmxArray_tag@@PBD@Z) 中被參考
     1>MyForm.obj : error LNK2019: 無法解析的外部符號 "extern "C" struct mxArray_tag * __cdecl mxGetField_730(struct mxArray_tag const *,unsigned int,char const *)" (?mxGetField_730@@$$J0YAPAUmxArray_tag@@PBU1@IPBD@Z) 在函式 "private: static void __clrcall ProjectTest::MyForm::analyzestructarray(struct mxArray_tag const *,char const *)" (?analyzestructarray@MyForm@ProjectTest@@$$FCMXPBUmxArray_tag@@PBD@Z) 中被參考
     1>MyForm.obj : error LNK2019: 無法解析的外部符號 "extern "C" unsigned int const * __cdecl mxGetDimensions_730(struct mxArray_tag const *)" (?mxGetDimensions_730@@$$J0YAPBIPBUmxArray_tag@@@Z) 在函式 "private: static void __clrcall ProjectTest::MyForm::analyzestructarray(struct mxArray_tag const *,char const *)" (?analyzestructarray@MyForm@ProjectTest@@$$FCMXPBUmxArray_tag@@PBD@Z) 中被參考
     1>MyForm.obj : error LNK2019: 無法解析的外部符號 "extern "C" enum mxClassID __cdecl mxGetClassID(struct mxArray_tag const *)" (?mxGetClassID@@$$J0YA?AW4mxClassID@@PBUmxArray_tag@@@Z) 在函式 "private: static void __clrcall ProjectTest::MyForm::analyzestructarray(struct mxArray_tag const *,char const *)" (?analyzestructarray@MyForm@ProjectTest@@$$FCMXPBUmxArray_tag@@PBD@Z) 中被參考
     1>MyForm.obj : error LNK2019: 無法解析的外部符號 "extern "C" bool __cdecl mxIsComplex(struct mxArray_tag const *)" (?mxIsComplex@@$$J0YA_NPBUmxArray_tag@@@Z) 在函式 "private: static void __clrcall ProjectTest::MyForm::analyzestructarray(struct mxArray_tag const *,char const *)" (?analyzestructarray@MyForm@ProjectTest@@$$FCMXPBUmxArray_tag@@PBD@Z) 中被參考
     1>MyForm.obj : error LNK2019: 無法解析的外部符號 "extern "C" void * __cdecl mxGetData(struct mxArray_tag const *)" (?mxGetData@@$$J0YAPAXPBUmxArray_tag@@@Z) 在函式 "private: static void __clrcall ProjectTest::MyForm::analyzestructarray(struct mxArray_tag const *,char const *)" (?analyzestructarray@MyForm@ProjectTest@@$$FCMXPBUmxArray_tag@@PBD@Z) 中被參考
     1>D:\VS2013Projects\ProjectTest\Debug\ProjectTest.exe : fatal error LNK1120: 12 個無法解析的外部符號
     1>專案 "D:\VS2013Projects\ProjectTest\ProjectTest\ProjectTest.vcxproj" (Build 目標) 建置完成 -- 失敗。

建置失敗。

經過時間 00:00:03.30
