已經開始建置於 2016/1/11 上午 07:10:52。
     1>節點 2 (Build 目標) 上的專案 "D:\VS2013Projects\ProjectTest\ProjectTest\ProjectTest.vcxproj"。
     1>ClCompile:
         C:\Program Files (x86)\Microsoft Visual Studio 12.0\VC\bin\x86_amd64\CL.exe /c /AI"C:\Program Files (x86)\Reference Assemblies\Microsoft\Framework\.NETFramework\v4.5\\" /AI"C:\Program Files (x86)\Windows Kits\8.1\References\CommonConfiguration\Neutral" /AI"C:\Program Files (x86)\Reference Assemblies\Microsoft\Framework\.NETFramework\v4.5\Facades\\" /Zi /clr /nologo /W3 /WX- /O2 /D WIN32 /D NDEBUG /D _UNICODE /D UNICODE /EHa /MD /GS /fp:precise /Zc:wchar_t /Zc:forScope /Fo"x64\Release\\" /Fd"x64\Release\vc120.pdb" /TP /FU"C:\Program Files (x86)\Reference Assemblies\Microsoft\Framework\.NETFramework\v4.5\mscorlib.dll" /FU"C:\Program Files (x86)\Reference Assemblies\Microsoft\Framework\.NETFramework\v4.5\System.Data.dll" /FU"C:\Program Files (x86)\Reference Assemblies\Microsoft\Framework\.NETFramework\v4.5\System.dll" /FU"C:\Program Files (x86)\Reference Assemblies\Microsoft\Framework\.NETFramework\v4.5\System.Drawing.dll" /FU"C:\Program Files (x86)\Reference Assemblies\Microsoft\Framework\.NETFramework\v4.5\System.Windows.Forms.dll" /FU"C:\Program Files (x86)\Reference Assemblies\Microsoft\Framework\.NETFramework\v4.5\System.Xml.dll" /errorReport:prompt /clr:nostdlib MyForm.cpp
         MyForm.cpp
     1>d:\programd\opencv\opencv2410\build\include\opencv2\flann\dist.h : warning C4819: 檔案含有無法在目前字碼頁 (950) 中表示的字元。請以 Unicode 格式儲存檔案以防止資料遺失
     1>D:\ProgramD\OpenCV\OpenCV2410\build\include\opencv2/legacy/compat.hpp : warning C4819: 檔案含有無法在目前字碼頁 (950) 中表示的字元。請以 Unicode 格式儲存檔案以防止資料遺失
     1>d:\vs2013projects\projecttest\projecttest\MyForm.h(768): warning C4244: '引數' : 將 'double' 轉換為 'int'，由於類型不同，可能導致資料遺失
       Link:
         C:\Program Files (x86)\Microsoft Visual Studio 12.0\VC\bin\x86_amd64\link.exe /ERRORREPORT:PROMPT /OUT:"D:\VS2013Projects\ProjectTest\x64\Release\ProjectTest.exe" /INCREMENTAL:NO /NOLOGO /ASSEMBLYRESOURCE:x64\Release\ProjectTest.MyForm.resources /MANIFEST /MANIFESTUAC:"level='asInvoker' uiAccess='false'" /manifest:embed /DEBUG /PDB:"D:\VS2013Projects\ProjectTest\x64\Release\ProjectTest.pdb" /SUBSYSTEM:WINDOWS /TLBID:1 /ENTRY:"Main" /DYNAMICBASE /FIXED:NO /NXCOMPAT /MACHINE:X64 x64\Release\MyForm.obj
         "x64\Release\.NETFramework,Version=v4.5.AssemblyAttributes.obj"
     1>MyForm.obj : warning LNK4248: 無法解析的 typeref 語彙基元 (01000031) (對 'CvCapture' 而言)，映像可能無法執行
     1>MyForm.obj : warning LNK4248: 無法解析的 typeref 語彙基元 (01000033) (對 'MATFile' 而言)，映像可能無法執行
     1>MyForm.obj : error LNK2028: 無法解析的語彙基元 (0A0008DE) "extern "C" int __cdecl cvSetCaptureProperty(struct CvCapture *,int,double)" (?cvSetCaptureProperty@@$$J0YAHPEAUCvCapture@@HN@Z) 在函式 "private: void __clrcall ProjectTest::MyForm::trackBar1_Scroll(class System::Object ^,class System::EventArgs ^)" (?trackBar1_Scroll@MyForm@ProjectTest@@$$FAE$AAMXPE$AAVObject@System@@PE$AAVEventArgs@4@@Z) 中被參考
     1>MyForm.obj : error LNK2028: 無法解析的語彙基元 (0A0008EB) "extern "C" struct CvCapture * __cdecl cvCreateCameraCapture(int)" (?cvCreateCameraCapture@@$$J0YAPEAUCvCapture@@H@Z) 在函式 "private: void __clrcall ProjectTest::MyForm::button1_Click(class System::Object ^,class System::EventArgs ^)" (?button1_Click@MyForm@ProjectTest@@$$FAE$AAMXPE$AAVObject@System@@PE$AAVEventArgs@4@@Z) 中被參考
     1>MyForm.obj : error LNK2028: 無法解析的語彙基元 (0A00093D) "extern "C" struct _IplImage * __cdecl cvQueryFrame(struct CvCapture *)" (?cvQueryFrame@@$$J0YAPEAU_IplImage@@PEAUCvCapture@@@Z) 在函式 "private: void __clrcall ProjectTest::MyForm::frame_render(void)" (?frame_render@MyForm@ProjectTest@@$$FAE$AAMXXZ) 中被參考
     1>MyForm.obj : error LNK2028: 無法解析的語彙基元 (0A00094B) "extern "C" double __cdecl cvGetCaptureProperty(struct CvCapture *,int)" (?cvGetCaptureProperty@@$$J0YANPEAUCvCapture@@H@Z) 在函式 "private: void __clrcall ProjectTest::MyForm::button1_Click(class System::Object ^,class System::EventArgs ^)" (?button1_Click@MyForm@ProjectTest@@$$FAE$AAMXPE$AAVObject@System@@PE$AAVEventArgs@4@@Z) 中被參考
     1>MyForm.obj : error LNK2028: 無法解析的語彙基元 (0A000966) "extern "C" void __cdecl cvReleaseCapture(struct CvCapture * *)" (?cvReleaseCapture@@$$J0YAXPEAPEAUCvCapture@@@Z) 在函式 "private: void __clrcall ProjectTest::MyForm::button1_Click(class System::Object ^,class System::EventArgs ^)" (?button1_Click@MyForm@ProjectTest@@$$FAE$AAMXPE$AAVObject@System@@PE$AAVEventArgs@4@@Z) 中被參考
     1>MyForm.obj : error LNK2028: 無法解析的語彙基元 (0A0009B6) "extern "C" struct CvCapture * __cdecl cvCreateFileCapture(char const *)" (?cvCreateFileCapture@@$$J0YAPEAUCvCapture@@PEBD@Z) 在函式 "private: void __clrcall ProjectTest::MyForm::button1_Click(class System::Object ^,class System::EventArgs ^)" (?button1_Click@MyForm@ProjectTest@@$$FAE$AAMXPE$AAVObject@System@@PE$AAVEventArgs@4@@Z) 中被參考
     1>MyForm.obj : error LNK2028: 無法解析的語彙基元 (0A000AAD) "int __cdecl cv::_interlockedExchangeAdd(int *,int)" (?_interlockedExchangeAdd@cv@@$$FYAHPEAHH@Z) 在函式 "public: void __cdecl cv::SparseMat::addref(void)" (?addref@SparseMat@cv@@$$FQEAAXXZ) 中被參考
     1>MyForm.obj : error LNK2028: 無法解析的語彙基元 (0A000ABB) "public: void __cdecl cv::Mat::copySize(class cv::Mat const &)" (?copySize@Mat@cv@@$$FQEAAXAEBV12@@Z) 在函式 "public: __cdecl cv::Mat::Mat(class cv::Mat const &)" (??0Mat@cv@@$$FQEAA@AEBV01@@Z) 中被參考
     1>MyForm.obj : error LNK2019: 無法解析的外部符號 "int __cdecl cv::_interlockedExchangeAdd(int *,int)" (?_interlockedExchangeAdd@cv@@$$FYAHPEAHH@Z) 在函式 "public: void __cdecl cv::SparseMat::addref(void)" (?addref@SparseMat@cv@@$$FQEAAXXZ) 中被參考
     1>MyForm.obj : error LNK2019: 無法解析的外部符號 "extern "C" struct CvCapture * __cdecl cvCreateCameraCapture(int)" (?cvCreateCameraCapture@@$$J0YAPEAUCvCapture@@H@Z) 在函式 "private: void __clrcall ProjectTest::MyForm::button1_Click(class System::Object ^,class System::EventArgs ^)" (?button1_Click@MyForm@ProjectTest@@$$FAE$AAMXPE$AAVObject@System@@PE$AAVEventArgs@4@@Z) 中被參考
     1>MyForm.obj : error LNK2019: 無法解析的外部符號 "extern "C" double __cdecl cvGetCaptureProperty(struct CvCapture *,int)" (?cvGetCaptureProperty@@$$J0YANPEAUCvCapture@@H@Z) 在函式 "private: void __clrcall ProjectTest::MyForm::button1_Click(class System::Object ^,class System::EventArgs ^)" (?button1_Click@MyForm@ProjectTest@@$$FAE$AAMXPE$AAVObject@System@@PE$AAVEventArgs@4@@Z) 中被參考
     1>MyForm.obj : error LNK2019: 無法解析的外部符號 "extern "C" struct CvCapture * __cdecl cvCreateFileCapture(char const *)" (?cvCreateFileCapture@@$$J0YAPEAUCvCapture@@PEBD@Z) 在函式 "private: void __clrcall ProjectTest::MyForm::button1_Click(class System::Object ^,class System::EventArgs ^)" (?button1_Click@MyForm@ProjectTest@@$$FAE$AAMXPE$AAVObject@System@@PE$AAVEventArgs@4@@Z) 中被參考
     1>MyForm.obj : error LNK2019: 無法解析的外部符號 "extern "C" void __cdecl cvReleaseCapture(struct CvCapture * *)" (?cvReleaseCapture@@$$J0YAXPEAPEAUCvCapture@@@Z) 在函式 "private: void __clrcall ProjectTest::MyForm::button1_Click(class System::Object ^,class System::EventArgs ^)" (?button1_Click@MyForm@ProjectTest@@$$FAE$AAMXPE$AAVObject@System@@PE$AAVEventArgs@4@@Z) 中被參考
     1>MyForm.obj : error LNK2019: 無法解析的外部符號 "extern "C" struct _IplImage * __cdecl cvQueryFrame(struct CvCapture *)" (?cvQueryFrame@@$$J0YAPEAU_IplImage@@PEAUCvCapture@@@Z) 在函式 "private: void __clrcall ProjectTest::MyForm::frame_render(void)" (?frame_render@MyForm@ProjectTest@@$$FAE$AAMXXZ) 中被參考
     1>MyForm.obj : error LNK2019: 無法解析的外部符號 "public: void __cdecl cv::Mat::copySize(class cv::Mat const &)" (?copySize@Mat@cv@@$$FQEAAXAEBV12@@Z) 在函式 "public: __cdecl cv::Mat::Mat(class cv::Mat const &)" (??0Mat@cv@@$$FQEAA@AEBV01@@Z) 中被參考
     1>MyForm.obj : error LNK2019: 無法解析的外部符號 "extern "C" int __cdecl cvSetCaptureProperty(struct CvCapture *,int,double)" (?cvSetCaptureProperty@@$$J0YAHPEAUCvCapture@@HN@Z) 在函式 "private: void __clrcall ProjectTest::MyForm::trackBar1_Scroll(class System::Object ^,class System::EventArgs ^)" (?trackBar1_Scroll@MyForm@ProjectTest@@$$FAE$AAMXPE$AAVObject@System@@PE$AAVEventArgs@4@@Z) 中被參考
     1>MyForm.obj : error LNK2001: 無法解析的外部符號 "public: virtual void __cdecl cv::HOGDescriptor::setSVMDetector(class cv::_InputArray const &)" (?setSVMDetector@HOGDescriptor@cv@@UEAAXAEBV_InputArray@2@@Z)
     1>MyForm.obj : error LNK2001: 無法解析的外部符號 "public: virtual bool __cdecl cv::HOGDescriptor::read(class cv::FileNode &)" (?read@HOGDescriptor@cv@@UEAA_NAEAVFileNode@2@@Z)
     1>MyForm.obj : error LNK2001: 無法解析的外部符號 "public: virtual void __cdecl cv::HOGDescriptor::write(class cv::FileStorage &,class std::basic_string<char,struct std::char_traits<char>,class std::allocator<char> > const &)const " (?write@HOGDescriptor@cv@@UEBAXAEAVFileStorage@2@AEBV?$basic_string@DU?$char_traits@D@std@@V?$allocator@D@2@@std@@@Z)
     1>MyForm.obj : error LNK2001: 無法解析的外部符號 "public: virtual bool __cdecl cv::HOGDescriptor::load(class std::basic_string<char,struct std::char_traits<char>,class std::allocator<char> > const &,class std::basic_string<char,struct std::char_traits<char>,class std::allocator<char> > const &)" (?load@HOGDescriptor@cv@@UEAA_NAEBV?$basic_string@DU?$char_traits@D@std@@V?$allocator@D@2@@std@@0@Z)
     1>MyForm.obj : error LNK2001: 無法解析的外部符號 "public: virtual void __cdecl cv::HOGDescriptor::save(class std::basic_string<char,struct std::char_traits<char>,class std::allocator<char> > const &,class std::basic_string<char,struct std::char_traits<char>,class std::allocator<char> > const &)const " (?save@HOGDescriptor@cv@@UEBAXAEBV?$basic_string@DU?$char_traits@D@std@@V?$allocator@D@2@@std@@0@Z)
     1>MyForm.obj : error LNK2001: 無法解析的外部符號 "public: virtual void __cdecl cv::HOGDescriptor::copyTo(struct cv::HOGDescriptor &)const " (?copyTo@HOGDescriptor@cv@@UEBAXAEAU12@@Z)
     1>MyForm.obj : error LNK2001: 無法解析的外部符號 "public: virtual void __cdecl cv::HOGDescriptor::compute(class cv::Mat const &,class std::vector<float,class std::allocator<float> > &,class cv::Size_<int>,class cv::Size_<int>,class std::vector<class cv::Point_<int>,class std::allocator<class cv::Point_<int> > > const &)const " (?compute@HOGDescriptor@cv@@UEBAXAEBVMat@2@AEAV?$vector@MV?$allocator@M@std@@@std@@V?$Size_@H@2@2AEBV?$vector@V?$Point_@H@cv@@V?$allocator@V?$Point_@H@cv@@@std@@@5@@Z)
     1>MyForm.obj : error LNK2001: 無法解析的外部符號 "public: virtual void __cdecl cv::HOGDescriptor::detect(class cv::Mat const &,class std::vector<class cv::Point_<int>,class std::allocator<class cv::Point_<int> > > &,double,class cv::Size_<int>,class cv::Size_<int>,class std::vector<class cv::Point_<int>,class std::allocator<class cv::Point_<int> > > const &)const " (?detect@HOGDescriptor@cv@@UEBAXAEBVMat@2@AEAV?$vector@V?$Point_@H@cv@@V?$allocator@V?$Point_@H@cv@@@std@@@std@@NV?$Size_@H@2@2AEBV45@@Z)
     1>MyForm.obj : error LNK2001: 無法解析的外部符號 "public: virtual void __cdecl cv::HOGDescriptor::detect(class cv::Mat const &,class std::vector<class cv::Point_<int>,class std::allocator<class cv::Point_<int> > > &,class std::vector<double,class std::allocator<double> > &,double,class cv::Size_<int>,class cv::Size_<int>,class std::vector<class cv::Point_<int>,class std::allocator<class cv::Point_<int> > > const &)const " (?detect@HOGDescriptor@cv@@UEBAXAEBVMat@2@AEAV?$vector@V?$Point_@H@cv@@V?$allocator@V?$Point_@H@cv@@@std@@@std@@AEAV?$vector@NV?$allocator@N@std@@@5@NV?$Size_@H@2@3AEBV45@@Z)
     1>MyForm.obj : error LNK2001: 無法解析的外部符號 "public: virtual void __cdecl cv::HOGDescriptor::detectMultiScale(class cv::Mat const &,class std::vector<class cv::Rect_<int>,class std::allocator<class cv::Rect_<int> > > &,double,class cv::Size_<int>,class cv::Size_<int>,double,double,bool)const " (?detectMultiScale@HOGDescriptor@cv@@UEBAXAEBVMat@2@AEAV?$vector@V?$Rect_@H@cv@@V?$allocator@V?$Rect_@H@cv@@@std@@@std@@NV?$Size_@H@2@2NN_N@Z)
     1>MyForm.obj : error LNK2001: 無法解析的外部符號 "public: virtual void __cdecl cv::HOGDescriptor::detectMultiScale(class cv::Mat const &,class std::vector<class cv::Rect_<int>,class std::allocator<class cv::Rect_<int> > > &,class std::vector<double,class std::allocator<double> > &,double,class cv::Size_<int>,class cv::Size_<int>,double,double,bool)const " (?detectMultiScale@HOGDescriptor@cv@@UEBAXAEBVMat@2@AEAV?$vector@V?$Rect_@H@cv@@V?$allocator@V?$Rect_@H@cv@@@std@@@std@@AEAV?$vector@NV?$allocator@N@std@@@5@NV?$Size_@H@2@3NN_N@Z)
     1>MyForm.obj : error LNK2001: 無法解析的外部符號 "public: virtual void __cdecl cv::HOGDescriptor::computeGradient(class cv::Mat const &,class cv::Mat &,class cv::Mat &,class cv::Size_<int>,class cv::Size_<int>)const " (?computeGradient@HOGDescriptor@cv@@UEBAXAEBVMat@2@AEAV32@1V?$Size_@H@2@2@Z)
     1>D:\VS2013Projects\ProjectTest\x64\Release\ProjectTest.exe : fatal error LNK1120: 28 個無法解析的外部符號
     1>專案 "D:\VS2013Projects\ProjectTest\ProjectTest\ProjectTest.vcxproj" (Build 目標) 建置完成 -- 失敗。

建置失敗。

經過時間 00:00:03.19
